<?xml version="1.0" encoding="UTF-8"?>
<robot generator="Robot 3.2.1 (Python 3.7.2 on win32)" generated="20200601 11:03:51.178" rpa="false">
<suite id="s1" name="RobotFrontAndBackOffice" source="C:\Users\Administrator\eclipse-workspace\RobotFrontAndBackOffice">
<suite id="s1-s1" name="Tests" source="C:\Users\Administrator\eclipse-workspace\RobotFrontAndBackOffice\Tests">
<suite id="s1-s1-s1" name="FrontOffice" source="C:\Users\Administrator\eclipse-workspace\RobotFrontAndBackOffice\Tests\FrontOffice">
<suite id="s1-s1-s1-s1" name="Front Office" source="C:\Users\Administrator\eclipse-workspace\RobotFrontAndBackOffice\Tests\FrontOffice\Front_Office.robot">
<test id="s1-s1-s1-s1-t1" name="Should be able to access &quot;Team&quot; page">
<kw name="Begin Web Test" library="CommonWeb" type="setup">
<kw name="Open Browser" library="SeleniumLibrary">
<doc>Opens a new browser instance to the optional ``url``.</doc>
<arguments>
<arg>about:blank</arg>
<arg>${BROWSER}</arg>
</arguments>
<msg timestamp="20200601 11:03:51.529" level="INFO">Opening browser 'Chrome' to base url 'about:blank'.</msg>
<status status="PASS" starttime="20200601 11:03:51.529" endtime="20200601 11:03:54.308"></status>
</kw>
<status status="PASS" starttime="20200601 11:03:51.528" endtime="20200601 11:03:54.308"></status>
</kw>
<kw name="Go to Landing Page" library="FrontOfficeApp">
<kw name="Navigate To" library="FrontOffice.Landing">
<kw name="Go To" library="SeleniumLibrary">
<doc>Navigates the current browser window to the provided ``url``.</doc>
<arguments>
<arg>${FRONT_OFFICE_URL}</arg>
</arguments>
<msg timestamp="20200601 11:03:54.312" level="INFO">Opening url 'http://www.robotframeworktutorial.com/front-office'</msg>
<status status="PASS" starttime="20200601 11:03:54.312" endtime="20200601 11:03:55.514"></status>
</kw>
<status status="PASS" starttime="20200601 11:03:54.311" endtime="20200601 11:03:55.515"></status>
</kw>
<kw name="Verify Page Loaded" library="FrontOffice.Landing">
<kw name="Wait Until Page Contains Element" library="SeleniumLibrary">
<doc>Waits until the element ``locator`` appears on the current page.</doc>
<arguments>
<arg>${LANDING_NAVIGATION_ELEMENT}</arg>
</arguments>
<status status="PASS" starttime="20200601 11:03:55.517" endtime="20200601 11:03:55.543"></status>
</kw>
<status status="PASS" starttime="20200601 11:03:55.515" endtime="20200601 11:03:55.543"></status>
</kw>
<status status="PASS" starttime="20200601 11:03:54.309" endtime="20200601 11:03:55.544"></status>
</kw>
<kw name="Go to &quot;Team&quot; Page" library="FrontOfficeApp">
<kw name="Select &quot;Team&quot; Page" library="TopNav">
<kw name="Click Element" library="SeleniumLibrary">
<doc>Click the element identified by ``locator``.</doc>
<arguments>
<arg>${TOP_NAV_TEAM_LINK}</arg>
</arguments>
<msg timestamp="20200601 11:03:55.546" level="INFO">Clicking element 'css=#bs-example-navbar-collapse-1 &gt; ul &gt; li:nth-child(5) &gt; a'.</msg>
<status status="PASS" starttime="20200601 11:03:55.546" endtime="20200601 11:03:55.624"></status>
</kw>
<kw name="Sleep" library="BuiltIn">
<doc>Pauses the test executed for the given time.</doc>
<arguments>
<arg>3s</arg>
</arguments>
<msg timestamp="20200601 11:03:58.625" level="INFO">Slept 3 seconds</msg>
<status status="PASS" starttime="20200601 11:03:55.624" endtime="20200601 11:03:58.625"></status>
</kw>
<status status="PASS" starttime="20200601 11:03:55.545" endtime="20200601 11:03:58.627"></status>
</kw>
<kw name="Verify Page Loaded" library="Team">
<kw name="Wait Until Page Contains Element" library="SeleniumLibrary">
<doc>Waits until the element ``locator`` appears on the current page.</doc>
<arguments>
<arg>${TEAM_HEADER_LABEL}</arg>
</arguments>
<status status="PASS" starttime="20200601 11:03:58.629" endtime="20200601 11:03:58.647"></status>
</kw>
<status status="PASS" starttime="20200601 11:03:58.627" endtime="20200601 11:03:58.647"></status>
</kw>
<status status="PASS" starttime="20200601 11:03:55.544" endtime="20200601 11:03:58.648"></status>
</kw>
<kw name="End Web Test" library="CommonWeb" type="teardown">
<kw name="Close All Browsers" library="SeleniumLibrary">
<doc>Closes all open browsers and resets the browser cache.</doc>
<status status="PASS" starttime="20200601 11:03:58.649" endtime="20200601 11:04:00.921"></status>
</kw>
<status status="PASS" starttime="20200601 11:03:58.649" endtime="20200601 11:04:00.922"></status>
</kw>
<doc>This is test 1</doc>
<tags>
<tag>test1</tag>
</tags>
<status status="PASS" starttime="20200601 11:03:51.526" endtime="20200601 11:04:00.923" critical="yes"></status>
</test>
<test id="s1-s1-s1-s1-t2" name="&quot;Team&quot; page should match requirements">
<kw name="Begin Web Test" library="CommonWeb" type="setup">
<kw name="Open Browser" library="SeleniumLibrary">
<doc>Opens a new browser instance to the optional ``url``.</doc>
<arguments>
<arg>about:blank</arg>
<arg>${BROWSER}</arg>
</arguments>
<msg timestamp="20200601 11:04:00.934" level="INFO">Opening browser 'Chrome' to base url 'about:blank'.</msg>
<status status="PASS" starttime="20200601 11:04:00.932" endtime="20200601 11:04:03.793"></status>
</kw>
<status status="PASS" starttime="20200601 11:04:00.929" endtime="20200601 11:04:03.794"></status>
</kw>
<kw name="Go to Landing Page" library="FrontOfficeApp">
<kw name="Navigate To" library="FrontOffice.Landing">
<kw name="Go To" library="SeleniumLibrary">
<doc>Navigates the current browser window to the provided ``url``.</doc>
<arguments>
<arg>${FRONT_OFFICE_URL}</arg>
</arguments>
<msg timestamp="20200601 11:04:03.812" level="INFO">Opening url 'http://www.robotframeworktutorial.com/front-office'</msg>
<status status="PASS" starttime="20200601 11:04:03.811" endtime="20200601 11:04:05.038"></status>
</kw>
<status status="PASS" starttime="20200601 11:04:03.809" endtime="20200601 11:04:05.039"></status>
</kw>
<kw name="Verify Page Loaded" library="FrontOffice.Landing">
<kw name="Wait Until Page Contains Element" library="SeleniumLibrary">
<doc>Waits until the element ``locator`` appears on the current page.</doc>
<arguments>
<arg>${LANDING_NAVIGATION_ELEMENT}</arg>
</arguments>
<status status="PASS" starttime="20200601 11:04:05.040" endtime="20200601 11:04:05.062"></status>
</kw>
<status status="PASS" starttime="20200601 11:04:05.040" endtime="20200601 11:04:05.062"></status>
</kw>
<status status="PASS" starttime="20200601 11:04:03.795" endtime="20200601 11:04:05.063"></status>
</kw>
<kw name="Go to &quot;Team&quot; Page" library="FrontOfficeApp">
<kw name="Select &quot;Team&quot; Page" library="TopNav">
<kw name="Click Element" library="SeleniumLibrary">
<doc>Click the element identified by ``locator``.</doc>
<arguments>
<arg>${TOP_NAV_TEAM_LINK}</arg>
</arguments>
<msg timestamp="20200601 11:04:05.066" level="INFO">Clicking element 'css=#bs-example-navbar-collapse-1 &gt; ul &gt; li:nth-child(5) &gt; a'.</msg>
<status status="PASS" starttime="20200601 11:04:05.066" endtime="20200601 11:04:05.151"></status>
</kw>
<kw name="Sleep" library="BuiltIn">
<doc>Pauses the test executed for the given time.</doc>
<arguments>
<arg>3s</arg>
</arguments>
<msg timestamp="20200601 11:04:08.153" level="INFO">Slept 3 seconds</msg>
<status status="PASS" starttime="20200601 11:04:05.151" endtime="20200601 11:04:08.153"></status>
</kw>
<status status="PASS" starttime="20200601 11:04:05.065" endtime="20200601 11:04:08.154"></status>
</kw>
<kw name="Verify Page Loaded" library="Team">
<kw name="Wait Until Page Contains Element" library="SeleniumLibrary">
<doc>Waits until the element ``locator`` appears on the current page.</doc>
<arguments>
<arg>${TEAM_HEADER_LABEL}</arg>
</arguments>
<status status="PASS" starttime="20200601 11:04:08.185" endtime="20200601 11:04:08.220"></status>
</kw>
<status status="PASS" starttime="20200601 11:04:08.154" endtime="20200601 11:04:08.220"></status>
</kw>
<status status="PASS" starttime="20200601 11:04:05.064" endtime="20200601 11:04:08.221"></status>
</kw>
<kw name="Validate &quot;Team&quot; Page" library="FrontOfficeApp">
<kw name="Validate Page Contents" library="Team">
<kw name="Get Text" library="SeleniumLibrary">
<doc>Returns the text value of the element identified by ``locator``.</doc>
<arguments>
<arg>${TEAM_HEADER_LABEL}</arg>
</arguments>
<assign>
<var>${ElementText}</var>
</assign>
<msg timestamp="20200601 11:04:08.255" level="INFO">${ElementText} = OUR AMAZING TEAM</msg>
<status status="PASS" starttime="20200601 11:04:08.223" endtime="20200601 11:04:08.255"></status>
</kw>
<kw name="Should Be Equal As Strings" library="BuiltIn">
<doc>Fails if objects are unequal after converting them to strings.</doc>
<arguments>
<arg>${ElementText}</arg>
<arg>Our Amazing Team</arg>
<arg>ignore_case=true</arg>
</arguments>
<status status="PASS" starttime="20200601 11:04:08.256" endtime="20200601 11:04:08.256"></status>
</kw>
<status status="PASS" starttime="20200601 11:04:08.222" endtime="20200601 11:04:08.257"></status>
</kw>
<status status="PASS" starttime="20200601 11:04:08.221" endtime="20200601 11:04:08.257"></status>
</kw>
<kw name="End Web Test" library="CommonWeb" type="teardown">
<kw name="Close All Browsers" library="SeleniumLibrary">
<doc>Closes all open browsers and resets the browser cache.</doc>
<status status="PASS" starttime="20200601 11:04:08.258" endtime="20200601 11:04:10.481"></status>
</kw>
<status status="PASS" starttime="20200601 11:04:08.258" endtime="20200601 11:04:10.482"></status>
</kw>
<doc>This is test 2</doc>
<tags>
<tag>test2</tag>
</tags>
<status status="PASS" starttime="20200601 11:04:00.925" endtime="20200601 11:04:10.483" critical="yes"></status>
</test>
<doc>Talk about what this suite of tests does</doc>
<status status="PASS" starttime="20200601 11:03:51.269" endtime="20200601 11:04:10.488"></status>
</suite>
<status status="PASS" starttime="20200601 11:03:51.265" endtime="20200601 11:04:10.502"></status>
</suite>
<status status="PASS" starttime="20200601 11:03:51.260" endtime="20200601 11:04:10.509"></status>
</suite>
<status status="PASS" starttime="20200601 11:03:51.228" endtime="20200601 11:04:10.516"></status>
</suite>
<statistics>
<total>
<stat pass="2" fail="0">Critical Tests</stat>
<stat pass="2" fail="0">All Tests</stat>
</total>
<tag>
<stat pass="1" fail="0">test1</stat>
<stat pass="1" fail="0">test2</stat>
</tag>
<suite>
<stat pass="2" fail="0" id="s1" name="RobotFrontAndBackOffice">RobotFrontAndBackOffice</stat>
<stat pass="2" fail="0" id="s1-s1" name="Tests">RobotFrontAndBackOffice.Tests</stat>
<stat pass="2" fail="0" id="s1-s1-s1" name="FrontOffice">RobotFrontAndBackOffice.Tests.FrontOffice</stat>
<stat pass="2" fail="0" id="s1-s1-s1-s1" name="Front Office">RobotFrontAndBackOffice.Tests.FrontOffice.Front Office</stat>
</suite>
</statistics>
<errors>
</errors>
</robot>
