<?xml version="1.0" encoding="UTF-8"?>
<robot generator="Robot 3.2.1 (Python 3.7.2 on win32)" generated="20200601 11:07:15.147" rpa="false">
<suite id="s1" name="Back Office" source="C:\Users\Administrator\eclipse-workspace\RobotFrontAndBackOffice\tests\BackOffice\Back_Office.robot">
<test id="s1-t1" name="Should be able to access &quot;Landing&quot; page">
<kw name="Begin Web Test" library="CommonWeb" type="setup">
<kw name="Open Browser" library="SeleniumLibrary">
<doc>Opens a new browser instance to the optional ``url``.</doc>
<arguments>
<arg>about:blank</arg>
<arg>${BROWSER}</arg>
</arguments>
<msg timestamp="20200601 11:07:15.497" level="INFO">Opening browser 'Chrome' to base url 'about:blank'.</msg>
<status status="PASS" starttime="20200601 11:07:15.496" endtime="20200601 11:07:19.238"></status>
</kw>
<status status="PASS" starttime="20200601 11:07:15.496" endtime="20200601 11:07:19.238"></status>
</kw>
<kw name="Go to Landing Page" library="BackOfficeApp">
<kw name="Navigate To" library="BackOffice.Landing">
<kw name="Go To" library="SeleniumLibrary">
<doc>Navigates the current browser window to the provided ``url``.</doc>
<arguments>
<arg>${BACK_OFFICE_URL}</arg>
</arguments>
<msg timestamp="20200601 11:07:19.241" level="INFO">Opening url 'http://www.robotframeworktutorial.com/back-office'</msg>
<status status="PASS" starttime="20200601 11:07:19.240" endtime="20200601 11:07:24.780"></status>
</kw>
<status status="PASS" starttime="20200601 11:07:19.240" endtime="20200601 11:07:24.780"></status>
</kw>
<status status="PASS" starttime="20200601 11:07:19.239" endtime="20200601 11:07:24.780"></status>
</kw>
<kw name="End Web Test" library="CommonWeb" type="teardown">
<kw name="Close All Browsers" library="SeleniumLibrary">
<doc>Closes all open browsers and resets the browser cache.</doc>
<status status="PASS" starttime="20200601 11:07:24.783" endtime="20200601 11:07:27.005"></status>
</kw>
<status status="PASS" starttime="20200601 11:07:24.783" endtime="20200601 11:07:27.006"></status>
</kw>
<doc>This is test 1</doc>
<tags>
<tag>test1</tag>
</tags>
<status status="PASS" starttime="20200601 11:07:15.494" endtime="20200601 11:07:27.007" critical="yes"></status>
</test>
<doc>Talk about what this suite of tests does</doc>
<status status="PASS" starttime="20200601 11:07:15.151" endtime="20200601 11:07:27.012"></status>
</suite>
<statistics>
<total>
<stat pass="1" fail="0">Critical Tests</stat>
<stat pass="1" fail="0">All Tests</stat>
</total>
<tag>
<stat pass="1" fail="0">test1</stat>
</tag>
<suite>
<stat pass="1" fail="0" id="s1" name="Back Office">Back Office</stat>
</suite>
</statistics>
<errors>
</errors>
</robot>
